<?xml version="1.0" encoding="UTF-8"?>
<!-- Generated by org.testng.reporters.JUnitReportReporter -->
<testsuite hostname="Ahmed-Elgebali-PC" failures="0" tests="12" name="practice.dataProviderPractice" time="22.668" errors="0" timestamp="2025-01-12T19:46:20 EET" skipped="0">
  <testcase classname="practice.dataProviderPractice" name="login" time="0.336"/>
  <testcase classname="practice.dataProviderPractice" name="login" time="6.905"/>
  <testcase classname="practice.dataProviderPractice" name="login" time="0.240"/>
  <testcase classname="practice.dataProviderPractice" name="login" time="0.275"/>
  <testcase classname="practice.dataProviderPractice" name="login" time="7.154"/>
  <testcase classname="practice.dataProviderPractice" name="login" time="0.259"/>
  <testcase classname="practice.dataProviderPractice" name="login" time="0.210"/>
  <testcase classname="practice.dataProviderPractice" name="login" time="0.327"/>
  <testcase classname="practice.dataProviderPractice" name="login" time="0.241"/>
  <testcase classname="practice.dataProviderPractice" name="login" time="0.786"/>
  <testcase classname="practice.dataProviderPractice" name="login" time="0.261"/>
  <testcase classname="practice.dataProviderPractice" name="login" time="5.674"/>
</testsuite> <!-- practice.dataProviderPractice -->
