<?xml version="1.0" encoding="UTF-8"?>
<!-- Generated by org.testng.reporters.JUnitReportReporter -->
<testsuite hostname="Ahmed-Elgebali-PC" failures="0" tests="3" name="tests.CartTest" time="6.777" errors="0" timestamp="2025-01-12T21:47:46 EET" skipped="0">
  <testcase classname="tests.CartTest" name="addItemsToCart" time="1.059"/>
  <testcase classname="tests.CartTest" name="navigateToCart" time="0.856"/>
  <testcase classname="tests.CartTest" name="performActionOnItems" time="4.862"/>
</testsuite> <!-- tests.CartTest -->
