<?xml version="1.0" encoding="UTF-8"?>
<!-- Generated by org.testng.reporters.JUnitReportReporter -->
<testsuite ignored="0" hostname="Ahmed-Elgebali-PC" failures="0" tests="3" name="tests.CartTest" time="26.350" errors="0" timestamp="08 Jan 2025 17:14:04 GMT" skipped="0">
  <testcase classname="tests.CartTest" name="performActionOnItem" time="16.529"/>
  <testcase classname="tests.CartTest" name="addItemToCart" time="2.963"/>
  <testcase classname="tests.CartTest" name="navigateToCart" time="6.858"/>
</testsuite> <!-- tests.CartTest -->
