<?xml version="1.0" encoding="UTF-8"?>
<!-- Generated by org.testng.reporters.JUnitReportReporter -->
<testsuite hostname="Ahmed-Elgebali-PC" failures="0" tests="12" name="practice.dataProviderPractice" time="23.031" errors="0" timestamp="2025-01-12T19:36:13 EET" skipped="0">
  <testcase classname="practice.dataProviderPractice" name="login" time="0.205"/>
  <testcase classname="practice.dataProviderPractice" name="login" time="0.252"/>
  <testcase classname="practice.dataProviderPractice" name="login" time="0.203"/>
  <testcase classname="practice.dataProviderPractice" name="login" time="0.320"/>
  <testcase classname="practice.dataProviderPractice" name="login" time="0.213"/>
  <testcase classname="practice.dataProviderPractice" name="login" time="0.268"/>
  <testcase classname="practice.dataProviderPractice" name="login" time="6.508"/>
  <testcase classname="practice.dataProviderPractice" name="login" time="7.914"/>
  <testcase classname="practice.dataProviderPractice" name="login" time="0.260"/>
  <testcase classname="practice.dataProviderPractice" name="login" time="0.206"/>
  <testcase classname="practice.dataProviderPractice" name="login" time="0.254"/>
  <testcase classname="practice.dataProviderPractice" name="login" time="6.428"/>
</testsuite> <!-- practice.dataProviderPractice -->
