<?xml version="1.0" encoding="UTF-8"?>
<!-- Generated by org.testng.reporters.JUnitReportReporter -->
<testsuite hostname="DESKTOP-65U5Q2I" failures="0" tests="1" name="tests.LoginTest" time="23.920" errors="0" timestamp="2025-01-06T15:51:06 EET" skipped="0">
  <testcase classname="tests.LoginTest" name="testLogin" time="23.920"/>
</testsuite> <!-- tests.LoginTest -->
