<?xml version="1.0" encoding="UTF-8"?>
<!-- Generated by org.testng.reporters.JUnitReportReporter -->
<testsuite hostname="Ahmed-Elgebali-PC" failures="0" tests="5" name="practice.cart" time="0.005" errors="0" timestamp="2025-01-11T23:23:51 EET" skipped="0">
  <testcase classname="practice.cart" name="checkOut" time="0.001"/>
  <testcase classname="practice.cart" name="reAddItemToCart" time="0.001"/>
  <testcase classname="practice.cart" name="addItemToCart" time="0.001"/>
  <testcase classname="practice.cart" name="cancelOrder" time="0.001"/>
  <testcase classname="practice.cart" name="removeItem" time="0.001"/>
</testsuite> <!-- practice.cart -->
