<?xml version="1.0" encoding="UTF-8"?>
<!-- Generated by org.testng.reporters.JUnitReportReporter -->
<testsuite hostname="Ahmed-Elgebali-PC" failures="0" tests="2" name="practice.signup" time="0.002" errors="0" timestamp="2025-01-11T23:23:51 EET" skipped="0">
  <testcase classname="practice.signup" name="signupWithGoogle" time="0.001"/>
  <testcase classname="practice.signup" name="signupWithIcloud" time="0.001"/>
</testsuite> <!-- practice.signup -->
