<?xml version="1.0" encoding="UTF-8"?>
<!-- Generated by org.testng.reporters.JUnitReportReporter -->
<testsuite hostname="Ahmed-Elgebali-PC" failures="0" tests="3" name="practice.login" time="0.009" errors="0" timestamp="2025-01-11T23:23:51 EET" skipped="0">
  <testcase classname="practice.login" name="loginWithGoogle" time="0.008"/>
  <testcase classname="practice.login" name="loginWithIcloud" time="0.001"/>
  <testcase classname="practice.login" name="openApp" time="0.000"/>
</testsuite> <!-- practice.login -->
