<?xml version="1.0" encoding="UTF-8"?>
<!-- Generated by org.testng.reporters.JUnitReportReporter -->
<testsuite hostname="Ahmed-Elgebali-PC" failures="0" tests="4" name="tests.ProductsTest" time="30.506" errors="0" timestamp="2025-01-19T19:39:03 EET" skipped="0">
  <testcase classname="tests.ProductsTest" name="navigateToPage" time="3.568"/>
  <testcase classname="tests.ProductsTest" name="addItemsToCart" time="2.300"/>
  <testcase classname="tests.ProductsTest" name="applyMenAndWomenFilter" time="14.780"/>
  <testcase classname="tests.ProductsTest" name="applyBrandFilter" time="9.858"/>
</testsuite> <!-- tests.ProductsTest -->
