<?xml version="1.0" encoding="UTF-8"?>
<!-- Generated by org.testng.reporters.JUnitReportReporter -->
<testsuite hostname="Ahmed-Elgebali-PC" failures="0" tests="5" name="practice.login" time="0.005" errors="0" timestamp="2025-01-12T11:18:40 EET" skipped="0">
  <testcase classname="practice.login" name="loginWithGoogle" time="0.000"/>
  <testcase classname="practice.login" name="loginWithIcloud" time="0.005"/>
  <testcase classname="practice.login" name="openApp" time="0.000"/>
  <testcase classname="practice.login" name="search" time="0.000"/>
  <testcase classname="practice.login" name="advSearch" time="0.000"/>
</testsuite> <!-- practice.login -->
