<?xml version="1.0" encoding="UTF-8"?>
<!-- Generated by org.testng.reporters.JUnitReportReporter -->
<testsuite hostname="Ahmed-Elgebali-PC" failures="0" tests="4" name="practice.signup" time="0.000" errors="0" timestamp="2025-01-12T11:18:40 EET" skipped="0">
  <testcase classname="practice.signup" name="signupWithGoogle" time="0.000"/>
  <testcase classname="practice.signup" name="signupWithIcloud" time="0.000"/>
  <testcase classname="practice.signup" name="signupWithFacebook" time="0.000"/>
  <testcase classname="practice.signup" name="signupWithTwitter" time="0.000"/>
</testsuite> <!-- practice.signup -->
